<?xml version="1.0" encoding="UTF-8"?>
<testsuite xmlns:xsi="http://www.w3.org/2001/XMLSchema-instance" xsi:schemaLocation="https://maven.apache.org/surefire/maven-surefire-plugin/xsd/surefire-test-report.xsd" name="tjjenk2.model.EnvironmentTypeTest" time="1.64" tests="3" errors="0" skipped="0" failures="0">
  <properties>
    <property name="java.runtime.name" value="Java(TM) SE Runtime Environment"/>
    <property name="sun.boot.library.path" value="/home/tjjenk2/apps/jdk1.8.0_72/jre/lib/amd64"/>
    <property name="java.vm.version" value="25.72-b15"/>
    <property name="java.vm.vendor" value="Oracle Corporation"/>
    <property name="maven.multiModuleProjectDirectory" value="/home/tjjenk2/data/intellij_workspace/unit-test-sample"/>
    <property name="java.vendor.url" value="http://java.oracle.com/"/>
    <property name="path.separator" value=":"/>
    <property name="guice.disable.misplaced.annotation.check" value="true"/>
    <property name="java.vm.name" value="Java HotSpot(TM) 64-Bit Server VM"/>
    <property name="file.encoding.pkg" value="sun.io"/>
    <property name="user.country" value="US"/>
    <property name="sun.java.launcher" value="SUN_STANDARD"/>
    <property name="sun.os.patch.level" value="unknown"/>
    <property name="java.vm.specification.name" value="Java Virtual Machine Specification"/>
    <property name="user.dir" value="/home/tjjenk2/data/intellij_workspace/unit-test-sample"/>
    <property name="java.runtime.version" value="1.8.0_72-b15"/>
    <property name="java.awt.graphicsenv" value="sun.awt.X11GraphicsEnvironment"/>
    <property name="java.endorsed.dirs" value="/home/tjjenk2/apps/jdk1.8.0_72/jre/lib/endorsed"/>
    <property name="os.arch" value="amd64"/>
    <property name="java.io.tmpdir" value="/tmp"/>
    <property name="line.separator" value="&#10;"/>
    <property name="java.vm.specification.vendor" value="Oracle Corporation"/>
    <property name="os.name" value="Linux"/>
    <property name="net.sourceforge.cobertura.datafile" value="/home/tjjenk2/data/intellij_workspace/unit-test-sample/target/cobertura/cobertura.ser"/>
    <property name="classworlds.conf" value="/home/tjjenk2/apps/maven-3.3.9/bin/m2.conf"/>
    <property name="sun.jnu.encoding" value="UTF-8"/>
    <property name="java.library.path" value="/home/tjjenk2/apps/intellij-15.0.3/bin::/usr/java/packages/lib/amd64:/usr/lib64:/lib64:/lib:/usr/lib"/>
    <property name="java.specification.name" value="Java Platform API Specification"/>
    <property name="java.class.version" value="52.0"/>
    <property name="sun.management.compiler" value="HotSpot 64-Bit Tiered Compilers"/>
    <property name="os.version" value="3.10.0-327.4.5.el7.x86_64"/>
    <property name="user.home" value="/home/tjjenk2"/>
    <property name="user.timezone" value="America/New_York"/>
    <property name="java.awt.printerjob" value="sun.print.PSPrinterJob"/>
    <property name="java.specification.version" value="1.8"/>
    <property name="file.encoding" value="UTF-8"/>
    <property name="user.name" value="tjjenk2"/>
    <property name="java.class.path" value="/home/tjjenk2/apps/maven-3.3.9/boot/plexus-classworlds-2.5.2.jar"/>
    <property name="java.vm.specification.version" value="1.8"/>
    <property name="sun.arch.data.model" value="64"/>
    <property name="java.home" value="/home/tjjenk2/apps/jdk1.8.0_72/jre"/>
    <property name="sun.java.command" value="org.codehaus.plexus.classworlds.launcher.Launcher cobertura:cobertura"/>
    <property name="java.specification.vendor" value="Oracle Corporation"/>
    <property name="user.language" value="en"/>
    <property name="awt.toolkit" value="sun.awt.X11.XToolkit"/>
    <property name="java.vm.info" value="mixed mode"/>
    <property name="java.version" value="1.8.0_72"/>
    <property name="java.ext.dirs" value="/home/tjjenk2/apps/jdk1.8.0_72/jre/lib/ext:/usr/java/packages/lib/ext"/>
    <property name="securerandom.source" value="file:/dev/./urandom"/>
    <property name="sun.boot.class.path" value="/home/tjjenk2/apps/jdk1.8.0_72/jre/lib/resources.jar:/home/tjjenk2/apps/jdk1.8.0_72/jre/lib/rt.jar:/home/tjjenk2/apps/jdk1.8.0_72/jre/lib/sunrsasign.jar:/home/tjjenk2/apps/jdk1.8.0_72/jre/lib/jsse.jar:/home/tjjenk2/apps/jdk1.8.0_72/jre/lib/jce.jar:/home/tjjenk2/apps/jdk1.8.0_72/jre/lib/charsets.jar:/home/tjjenk2/apps/jdk1.8.0_72/jre/lib/jfr.jar:/home/tjjenk2/apps/jdk1.8.0_72/jre/classes"/>
    <property name="java.vendor" value="Oracle Corporation"/>
    <property name="maven.home" value="/home/tjjenk2/apps/maven-3.3.9"/>
    <property name="file.separator" value="/"/>
    <property name="java.vendor.url.bug" value="http://bugreport.sun.com/bugreport/"/>
    <property name="sun.cpu.endian" value="little"/>
    <property name="sun.io.unicode.encoding" value="UnicodeLittle"/>
    <property name="project.build.outputDirectory" value="/home/tjjenk2/data/intellij_workspace/unit-test-sample/target/generated-classes/cobertura"/>
    <property name="sun.cpu.isalist" value=""/>
  </properties>
  <testcase name="testDetermineValueSuccess" classname="tjjenk2.model.EnvironmentTypeTest" time="1.586"/>
  <testcase name="testDetermineValueNullValue" classname="tjjenk2.model.EnvironmentTypeTest" time="0"/>
  <testcase name="testDetermineValueBogusValue" classname="tjjenk2.model.EnvironmentTypeTest" time="0"/>
</testsuite>